<?xml version="1.0" encoding="UTF-8"?>
<!-- Generated by org.testng.reporters.JUnitReportReporter -->
<testsuite skipped="0" hostname="KRamya" name="com.testcase.Testcase" tests="1" failures="0" timestamp="16 Apr 2020 08:20:49 GMT" time="41.715" errors="0">
  <testcase name="Search" time="41.715" classname="com.testcase.Testcase"/>
</testsuite> <!-- com.testcase.Testcase -->
